Determining if the pthread_create exist failed with the following output:
Change Dir: /home/viki/mybot_ws/build/CMakeFiles/CMakeTmp

Run Build Command:"/usr/bin/make" "cmTryCompileExec1240031907/fast"
/usr/bin/make -f CMakeFiles/cmTryCompileExec1240031907.dir/build.make CMakeFiles/cmTryCompileExec1240031907.dir/build
make[1]: Entering directory `/home/viki/mybot_ws/build/CMakeFiles/CMakeTmp'
/usr/bin/cmake -E cmake_progress_report /home/viki/mybot_ws/build/CMakeFiles/CMakeTmp/CMakeFiles 1
Building C object CMakeFiles/cmTryCompileExec1240031907.dir/CheckSymbolExists.c.o
/usr/bin/cc    -o CMakeFiles/cmTryCompileExec1240031907.dir/CheckSymbolExists.c.o   -c /home/viki/mybot_ws/build/CMakeFiles/CMakeTmp/CheckSymbolExists.c
Linking C executable cmTryCompileExec1240031907
/usr/bin/cmake -E cmake_link_script CMakeFiles/cmTryCompileExec1240031907.dir/link.txt --verbose=1
/usr/bin/cc       CMakeFiles/cmTryCompileExec1240031907.dir/CheckSymbolExists.c.o  -o cmTryCompileExec1240031907 -rdynamic 
CMakeFiles/cmTryCompileExec1240031907.dir/CheckSymbolExists.c.o: In function `main':
CheckSymbolExists.c:(.text+0x16): undefined reference to `pthread_create'
collect2: error: ld returned 1 exit status
make[1]: Leaving directory `/home/viki/mybot_ws/build/CMakeFiles/CMakeTmp'
make[1]: *** [cmTryCompileExec1240031907] Error 1
make: *** [cmTryCompileExec1240031907/fast] Error 2

File /home/viki/mybot_ws/build/CMakeFiles/CMakeTmp/CheckSymbolExists.c:
/* */
#include <pthread.h>

int main(int argc, char** argv)
{
  (void)argv;
#ifndef pthread_create
  return ((int*)(&pthread_create))[argc];
#else
  (void)argc;
  return 0;
#endif
}

Determining if the function pthread_create exists in the pthreads failed with the following output:
Change Dir: /home/viki/mybot_ws/build/CMakeFiles/CMakeTmp

Run Build Command:"/usr/bin/make" "cmTryCompileExec1081607205/fast"
/usr/bin/make -f CMakeFiles/cmTryCompileExec1081607205.dir/build.make CMakeFiles/cmTryCompileExec1081607205.dir/build
make[1]: Entering directory `/home/viki/mybot_ws/build/CMakeFiles/CMakeTmp'
/usr/bin/cmake -E cmake_progress_report /home/viki/mybot_ws/build/CMakeFiles/CMakeTmp/CMakeFiles 1
Building C object CMakeFiles/cmTryCompileExec1081607205.dir/CheckFunctionExists.c.o
/usr/bin/cc   -DCHECK_FUNCTION_EXISTS=pthread_create   -o CMakeFiles/cmTryCompileExec1081607205.dir/CheckFunctionExists.c.o   -c /usr/share/cmake-3.2/Modules/CheckFunctionExists.c
Linking C executable cmTryCompileExec1081607205
/usr/bin/cmake -E cmake_link_script CMakeFiles/cmTryCompileExec1081607205.dir/link.txt --verbose=1
/usr/bin/cc   -DCHECK_FUNCTION_EXISTS=pthread_create    CMakeFiles/cmTryCompileExec1081607205.dir/CheckFunctionExists.c.o  -o cmTryCompileExec1081607205 -rdynamic -lpthreads 
/usr/bin/ld: cannot find -lpthreads
collect2: error: ld returned 1 exit status
make[1]: *** [cmTryCompileExec1081607205] Error 1
make[1]: Leaving directory `/home/viki/mybot_ws/build/CMakeFiles/CMakeTmp'
make: *** [cmTryCompileExec1081607205/fast] Error 2


